# JRE version: OpenJDK Runtime Environment Temurin-21.0.9+10 (21.0.9+10) (build 21.0.9+10-LTS)
# Java VM: OpenJDK 64-Bit Server VM Temurin-21.0.9+10 (21.0.9+10-LTS, mixed mode, sharing, tiered, compressed oops, compressed class ptrs, parallel gc, windows-amd64)
GC Precious Log:
 CardTable entry size: 512
 CPUs: 4 total, 4 available
 Memory: 7793M
 Large Page Support: Disabled
 NUMA Support: Disabled
 Compressed Oops: Enabled (32-bit)
 Alignments: Space 512K, Generation 512K, Heap 2M
 Heap Min Capacity: 100M
 Heap Initial Capacity: 100M
 Heap Max Capacity: 2G
 Pre-touch: Disabled
 Parallel Workers: 4
Heap:
 PSYoungGen      total 3584K, used 2934K [0x00000000d5580000, 0x00000000d5980000, 0x0000000100000000)
  eden space 3072K, 94% used [0x00000000d5580000,0x00000000d5855ad0,0x00000000d5880000)
  from space 512K, 6% used [0x00000000d5880000,0x00000000d5888000,0x00000000d5900000)
  to   space 512K, 0% used [0x00000000d5900000,0x00000000d5900000,0x00000000d5980000)
 ParOldGen       total 868352K, used 383722K [0x0000000080000000, 0x00000000b5000000, 0x00000000d5580000)
  object space 868352K, 44% used [0x0000000080000000,0x00000000976ba8d8,0x00000000b5000000)
 Metaspace       used 84278K, committed 85952K, reserved 1179648K
  class space    used 8949K, committed 9728K, reserved 1048576K
GC Heap History (20 events):
Event: 270408.405 GC heap before
{Heap before GC invocations=922 (full 4):
 PSYoungGen      total 3072K, used 2560K [0x00000000d5580000, 0x00000000d5980000, 0x0000000100000000)
  eden space 2560K, 100% used [0x00000000d5580000,0x00000000d5800000,0x00000000d5800000)
  from space 512K, 0% used [0x00000000d5880000,0x00000000d5880000,0x00000000d5900000)
  to   space 512K, 0% used [0x00000000d5900000,0x00000000d5900000,0x00000000d5980000)
 ParOldGen       total 868352K, used 383722K [0x0000000080000000, 0x00000000b5000000, 0x00000000d5580000)
  object space 868352K, 44% used [0x0000000080000000,0x00000000976ba8d8,0x00000000b5000000)
 Metaspace       used 84269K, committed 85952K, reserved 1179648K
  class space    used 8949K, committed 9728K, reserved 1048576K
}
Event: 270408.407 GC heap after
{Heap after GC invocations=922 (full 4):
 PSYoungGen      total 3072K, used 32K [0x00000000d5580000, 0x00000000d5980000, 0x0000000100000000)
  eden space 2560K, 0% used [0x00000000d5580000,0x00000000d5580000,0x00000000d5800000)
  from space 512K, 6% used [0x00000000d5900000,0x00000000d5908000,0x00000000d5980000)
  to   space 512K, 0% used [0x00000000d5880000,0x00000000d5880000,0x00000000d5900000)
 ParOldGen       total 868352K, used 383722K [0x0000000080000000, 0x00000000b5000000, 0x00000000d5580000)
  object space 868352K, 44% used [0x0000000080000000,0x00000000976ba8d8,0x00000000b5000000)
 Metaspace       used 84269K, committed 85952K, reserved 1179648K
  class space    used 8949K, committed 9728K, reserved 1048576K
}
Event: 270408.416 GC heap before
{Heap before GC invocations=923 (full 4):
 PSYoungGen      total 3072K, used 2592K [0x00000000d5580000, 0x00000000d5980000, 0x0000000100000000)
  eden space 2560K, 100% used [0x00000000d5580000,0x00000000d5800000,0x00000000d5800000)
  from space 512K, 6% used [0x00000000d5900000,0x00000000d5908000,0x00000000d5980000)
  to   space 512K, 0% used [0x00000000d5880000,0x00000000d5880000,0x00000000d5900000)
 ParOldGen       total 868352K, used 383722K [0x0000000080000000, 0x00000000b5000000, 0x00000000d5580000)
  object space 868352K, 44% used [0x0000000080000000,0x00000000976ba8d8,0x00000000b5000000)
 Metaspace       used 84269K, committed 85952K, reserved 1179648K
  class space    used 8949K, committed 9728K, reserved 1048576K
}
Event: 270408.417 GC heap after
{Heap after GC invocations=923 (full 4):
 PSYoungGen      total 3072K, used 32K [0x00000000d5580000, 0x00000000d5980000, 0x0000000100000000)
  eden space 2560K, 0% used [0x00000000d5580000,0x00000000d5580000,0x00000000d5800000)
  from space 512K, 6% used [0x00000000d5880000,0x00000000d5888000,0x00000000d5900000)
  to   space 512K, 0% used [0x00000000d5900000,0x00000000d5900000,0x00000000d5980000)
 ParOldGen       total 868352K, used 383722K [0x0000000080000000, 0x00000000b5000000, 0x00000000d5580000)
  object space 868352K, 44% used [0x0000000080000000,0x00000000976ba8d8,0x00000000b5000000)
 Metaspace       used 84269K, committed 85952K, reserved 1179648K
  class space    used 8949K, committed 9728K, reserved 1048576K
}
Event: 270408.424 GC heap before
{Heap before GC invocations=924 (full 4):
 PSYoungGen      total 3072K, used 2592K [0x00000000d5580000, 0x00000000d5980000, 0x0000000100000000)
  eden space 2560K, 100% used [0x00000000d5580000,0x00000000d5800000,0x00000000d5800000)
  from space 512K, 6% used [0x00000000d5880000,0x00000000d5888000,0x00000000d5900000)
  to   space 512K, 0% used [0x00000000d5900000,0x00000000d5900000,0x00000000d5980000)
 ParOldGen       total 868352K, used 383722K [0x0000000080000000, 0x00000000b5000000, 0x00000000d5580000)
  object space 868352K, 44% used [0x0000000080000000,0x00000000976ba8d8,0x00000000b5000000)
 Metaspace       used 84269K, committed 85952K, reserved 1179648K
  class space    used 8949K, committed 9728K, reserved 1048576K
}
Event: 270408.425 GC heap after
{Heap after GC invocations=924 (full 4):
 PSYoungGen      total 3072K, used 32K [0x00000000d5580000, 0x00000000d5980000, 0x0000000100000000)
  eden space 2560K, 0% used [0x00000000d5580000,0x00000000d5580000,0x00000000d5800000)
  from space 512K, 6% used [0x00000000d5900000,0x00000000d5908000,0x00000000d5980000)
  to   space 512K, 0% used [0x00000000d5880000,0x00000000d5880000,0x00000000d5900000)
 ParOldGen       total 868352K, used 383722K [0x0000000080000000, 0x00000000b5000000, 0x00000000d5580000)
  object space 868352K, 44% used [0x0000000080000000,0x00000000976ba8d8,0x00000000b5000000)
 Metaspace       used 84269K, committed 85952K, reserved 1179648K
  class space    used 8949K, committed 9728K, reserved 1048576K
}
Event: 270408.431 GC heap before
{Heap before GC invocations=925 (full 4):
 PSYoungGen      total 3072K, used 2592K [0x00000000d5580000, 0x00000000d5980000, 0x0000000100000000)
  eden space 2560K, 100% used [0x00000000d5580000,0x00000000d5800000,0x00000000d5800000)
  from space 512K, 6% used [0x00000000d5900000,0x00000000d5908000,0x00000000d5980000)
  to   space 512K, 0% used [0x00000000d5880000,0x00000000d5880000,0x00000000d5900000)
 ParOldGen       total 868352K, used 383722K [0x0000000080000000, 0x00000000b5000000, 0x00000000d5580000)
  object space 868352K, 44% used [0x0000000080000000,0x00000000976ba8d8,0x00000000b5000000)
 Metaspace       used 84269K, committed 85952K, reserved 1179648K
  class space    used 8949K, committed 9728K, reserved 1048576K
}
Event: 270408.433 GC heap after
{Heap after GC invocations=925 (full 4):
 PSYoungGen      total 3072K, used 32K [0x00000000d5580000, 0x00000000d5980000, 0x0000000100000000)
  eden space 2560K, 0% used [0x00000000d5580000,0x00000000d5580000,0x00000000d5800000)
  from space 512K, 6% used [0x00000000d5880000,0x00000000d5888000,0x00000000d5900000)
  to   space 512K, 0% used [0x00000000d5900000,0x00000000d5900000,0x00000000d5980000)
 ParOldGen       total 868352K, used 383722K [0x0000000080000000, 0x00000000b5000000, 0x00000000d5580000)
  object space 868352K, 44% used [0x0000000080000000,0x00000000976ba8d8,0x00000000b5000000)
 Metaspace       used 84269K, committed 85952K, reserved 1179648K
  class space    used 8949K, committed 9728K, reserved 1048576K
}
Event: 270408.439 GC heap before
{Heap before GC invocations=926 (full 4):
 PSYoungGen      total 3072K, used 2592K [0x00000000d5580000, 0x00000000d5980000, 0x0000000100000000)
  eden space 2560K, 100% used [0x00000000d5580000,0x00000000d5800000,0x00000000d5800000)
  from space 512K, 6% used [0x00000000d5880000,0x00000000d5888000,0x00000000d5900000)
  to   space 512K, 0% used [0x00000000d5900000,0x00000000d5900000,0x00000000d5980000)
 ParOldGen       total 868352K, used 383722K [0x0000000080000000, 0x00000000b5000000, 0x00000000d5580000)
  object space 868352K, 44% used [0x0000000080000000,0x00000000976ba8d8,0x00000000b5000000)
 Metaspace       used 84269K, committed 85952K, reserved 1179648K
  class space    used 8949K, committed 9728K, reserved 1048576K
}
Event: 270408.441 GC heap after
{Heap after GC invocations=926 (full 4):
 PSYoungGen      total 3072K, used 32K [0x00000000d5580000, 0x00000000d5980000, 0x0000000100000000)
  eden space 2560K, 0% used [0x00000000d5580000,0x00000000d5580000,0x00000000d5800000)
  from space 512K, 6% used [0x00000000d5900000,0x00000000d5908000,0x00000000d5980000)
  to   space 512K, 0% used [0x00000000d5880000,0x00000000d5880000,0x00000000d5900000)
 ParOldGen       total 868352K, used 383722K [0x0000000080000000, 0x00000000b5000000, 0x00000000d5580000)
  object space 868352K, 44% used [0x0000000080000000,0x00000000976ba8d8,0x00000000b5000000)
 Metaspace       used 84269K, committed 85952K, reserved 1179648K
  class space    used 8949K, committed 9728K, reserved 1048576K
}
Event: 270409.231 GC heap before
{Heap before GC invocations=927 (full 4):
 PSYoungGen      total 3072K, used 2592K [0x00000000d5580000, 0x00000000d5980000, 0x0000000100000000)
  eden space 2560K, 100% used [0x00000000d5580000,0x00000000d5800000,0x00000000d5800000)
  from space 512K, 6% used [0x00000000d5900000,0x00000000d5908000,0x00000000d5980000)
  to   space 512K, 0% used [0x00000000d5880000,0x00000000d5880000,0x00000000d5900000)
 ParOldGen       total 868352K, used 383722K [0x0000000080000000, 0x00000000b5000000, 0x00000000d5580000)
  object space 868352K, 44% used [0x0000000080000000,0x00000000976ba8d8,0x00000000b5000000)
 Metaspace       used 84269K, committed 85952K, reserved 1179648K
  class space    used 8949K, committed 9728K, reserved 1048576K
}
Event: 270409.236 GC heap after
{Heap after GC invocations=927 (full 4):
 PSYoungGen      total 3072K, used 32K [0x00000000d5580000, 0x00000000d5980000, 0x0000000100000000)
  eden space 2560K, 0% used [0x00000000d5580000,0x00000000d5580000,0x00000000d5800000)
  from space 512K, 6% used [0x00000000d5880000,0x00000000d5888000,0x00000000d5900000)
  to   space 512K, 0% used [0x00000000d5900000,0x00000000d5900000,0x00000000d5980000)
 ParOldGen       total 868352K, used 383722K [0x0000000080000000, 0x00000000b5000000, 0x00000000d5580000)
  object space 868352K, 44% used [0x0000000080000000,0x00000000976ba8d8,0x00000000b5000000)
 Metaspace       used 84269K, committed 85952K, reserved 1179648K
  class space    used 8949K, committed 9728K, reserved 1048576K
}
Event: 270409.265 GC heap before
{Heap before GC invocations=928 (full 4):
 PSYoungGen      total 3072K, used 2592K [0x00000000d5580000, 0x00000000d5980000, 0x0000000100000000)
  eden space 2560K, 100% used [0x00000000d5580000,0x00000000d5800000,0x00000000d5800000)
  from space 512K, 6% used [0x00000000d5880000,0x00000000d5888000,0x00000000d5900000)
  to   space 512K, 0% used [0x00000000d5900000,0x00000000d5900000,0x00000000d5980000)
 ParOldGen       total 868352K, used 383722K [0x0000000080000000, 0x00000000b5000000, 0x00000000d5580000)
  object space 868352K, 44% used [0x0000000080000000,0x00000000976ba8d8,0x00000000b5000000)
 Metaspace       used 84269K, committed 85952K, reserved 1179648K
  class space    used 8949K, committed 9728K, reserved 1048576K
}
Event: 270409.267 GC heap after
{Heap after GC invocations=928 (full 4):
 PSYoungGen      total 3072K, used 0K [0x00000000d5580000, 0x00000000d5980000, 0x0000000100000000)
  eden space 2560K, 0% used [0x00000000d5580000,0x00000000d5580000,0x00000000d5800000)
  from space 512K, 0% used [0x00000000d5900000,0x00000000d5900000,0x00000000d5980000)
  to   space 512K, 0% used [0x00000000d5880000,0x00000000d5880000,0x00000000d5900000)
 ParOldGen       total 868352K, used 383722K [0x0000000080000000, 0x00000000b5000000, 0x00000000d5580000)
  object space 868352K, 44% used [0x0000000080000000,0x00000000976ba8d8,0x00000000b5000000)
 Metaspace       used 84269K, committed 85952K, reserved 1179648K
  class space    used 8949K, committed 9728K, reserved 1048576K
}
Event: 270409.285 GC heap before
{Heap before GC invocations=929 (full 4):
 PSYoungGen      total 3072K, used 2560K [0x00000000d5580000, 0x00000000d5980000, 0x0000000100000000)
  eden space 2560K, 100% used [0x00000000d5580000,0x00000000d5800000,0x00000000d5800000)
  from space 512K, 0% used [0x00000000d5900000,0x00000000d5900000,0x00000000d5980000)
  to   space 512K, 0% used [0x00000000d5880000,0x00000000d5880000,0x00000000d5900000)
 ParOldGen       total 868352K, used 383722K [0x0000000080000000, 0x00000000b5000000, 0x00000000d5580000)
  object space 868352K, 44% used [0x0000000080000000,0x00000000976ba8d8,0x00000000b5000000)
 Metaspace       used 84269K, committed 85952K, reserved 1179648K
  class space    used 8949K, committed 9728K, reserved 1048576K
}
Event: 270409.287 GC heap after
{Heap after GC invocations=929 (full 4):
 PSYoungGen      total 3072K, used 32K [0x00000000d5580000, 0x00000000d5980000, 0x0000000100000000)
  eden space 2560K, 0% used [0x00000000d5580000,0x00000000d5580000,0x00000000d5800000)
  from space 512K, 6% used [0x00000000d5880000,0x00000000d5888000,0x00000000d5900000)
  to   space 512K, 0% used [0x00000000d5900000,0x00000000d5900000,0x00000000d5980000)
 ParOldGen       total 868352K, used 383722K [0x0000000080000000, 0x00000000b5000000, 0x00000000d5580000)
  object space 868352K, 44% used [0x0000000080000000,0x00000000976ba8d8,0x00000000b5000000)
 Metaspace       used 84269K, committed 85952K, reserved 1179648K
  class space    used 8949K, committed 9728K, reserved 1048576K
}
Event: 270409.297 GC heap before
{Heap before GC invocations=930 (full 4):
 PSYoungGen      total 3072K, used 2592K [0x00000000d5580000, 0x00000000d5980000, 0x0000000100000000)
  eden space 2560K, 100% used [0x00000000d5580000,0x00000000d5800000,0x00000000d5800000)
  from space 512K, 6% used [0x00000000d5880000,0x00000000d5888000,0x00000000d5900000)
  to   space 512K, 0% used [0x00000000d5900000,0x00000000d5900000,0x00000000d5980000)
 ParOldGen       total 868352K, used 383722K [0x0000000080000000, 0x00000000b5000000, 0x00000000d5580000)
  object space 868352K, 44% used [0x0000000080000000,0x00000000976ba8d8,0x00000000b5000000)
 Metaspace       used 84269K, committed 85952K, reserved 1179648K
  class space    used 8949K, committed 9728K, reserved 1048576K
}
Event: 270409.299 GC heap after
{Heap after GC invocations=930 (full 4):
 PSYoungGen      total 3072K, used 32K [0x00000000d5580000, 0x00000000d5980000, 0x0000000100000000)
  eden space 2560K, 0% used [0x00000000d5580000,0x00000000d5580000,0x00000000d5800000)
  from space 512K, 6% used [0x00000000d5900000,0x00000000d5908000,0x00000000d5980000)
  to   space 512K, 0% used [0x00000000d5880000,0x00000000d5880000,0x00000000d5900000)
 ParOldGen       total 868352K, used 383722K [0x0000000080000000, 0x00000000b5000000, 0x00000000d5580000)
  object space 868352K, 44% used [0x0000000080000000,0x00000000976ba8d8,0x00000000b5000000)
 Metaspace       used 84269K, committed 85952K, reserved 1179648K
  class space    used 8949K, committed 9728K, reserved 1048576K
}
Event: 270409.306 GC heap before
{Heap before GC invocations=931 (full 4):
 PSYoungGen      total 3072K, used 2592K [0x00000000d5580000, 0x00000000d5980000, 0x0000000100000000)
  eden space 2560K, 100% used [0x00000000d5580000,0x00000000d5800000,0x00000000d5800000)
  from space 512K, 6% used [0x00000000d5900000,0x00000000d5908000,0x00000000d5980000)
  to   space 512K, 0% used [0x00000000d5880000,0x00000000d5880000,0x00000000d5900000)
 ParOldGen       total 868352K, used 383722K [0x0000000080000000, 0x00000000b5000000, 0x00000000d5580000)
  object space 868352K, 44% used [0x0000000080000000,0x00000000976ba8d8,0x00000000b5000000)
 Metaspace       used 84269K, committed 85952K, reserved 1179648K
  class space    used 8949K, committed 9728K, reserved 1048576K
}
Event: 270409.312 GC heap after
{Heap after GC invocations=931 (full 4):
 PSYoungGen      total 3584K, used 32K [0x00000000d5580000, 0x00000000d5980000, 0x0000000100000000)
  eden space 3072K, 0% used [0x00000000d5580000,0x00000000d5580000,0x00000000d5880000)
  from space 512K, 6% used [0x00000000d5880000,0x00000000d5888000,0x00000000d5900000)
  to   space 512K, 0% used [0x00000000d5900000,0x00000000d5900000,0x00000000d5980000)
 ParOldGen       total 868352K, used 383722K [0x0000000080000000, 0x00000000b5000000, 0x00000000d5580000)
  object space 868352K, 44% used [0x0000000080000000,0x00000000976ba8d8,0x00000000b5000000)
 Metaspace       used 84269K, committed 85952K, reserved 1179648K
  class space    used 8949K, committed 9728K, reserved 1048576K
}

